<?xml version="1.0" encoding="UTF-8"?>
<!-- Generated by org.testng.reporters.JUnitXMLReporter -->
<testsuite ignored="3" hostname="DESKTOP-PF4I4LN" failures="0" tests="1" name="Default test" time="18.66" errors="0" timestamp="2025-03-13T15:59:52 IST">
  <testcase classname="com.crm.verizon.createQuoteTest.CreateQuote_Test" name="newQuoteWithRadioBtn" time="8.685"/>
  <testcase classname="com.crm.verizon.createQuoteTest.CreateQuote_Test" name="newQuoteWithOrg" time="0.0">
    <ignored/>
  </testcase> <!-- newQuoteWithOrg -->
  <testcase classname="com.crm.verizon.createQuoteTest.CreateQuote_Test" name="quotelistPageDisplayed" time="0.0">
    <ignored/>
  </testcase> <!-- quotelistPageDisplayed -->
  <testcase classname="com.crm.verizon.createQuoteTest.CreateQuote_Test" name="newQuotePageDisplayed" time="0.0">
    <ignored/>
  </testcase> <!-- newQuotePageDisplayed -->
</testsuite> <!-- Default test -->
